{
  "RSpec": {
    "coverage": {
      "/Users/leekarho/Projects/bank-tech-test/spec/account_spec.rb": [
        1,
        null,
        1,
        6,
        2,
        null,
        1,
        1,
        1,
        null,
        null,
        1,
        1,
        1,
        1,
        null,
        null,
        1,
        1,
        2,
        null,
        null,
        1,
        1,
        1,
        1,
        2,
        null,
        null,
        1,
        1,
        1,
        null,
        null
      ],
      "/Users/leekarho/Projects/bank-tech-test/lib/account.rb": [
        1,
        null,
        1,
        null,
        1,
        9,
        9,
        null,
        null,
        1,
        10,
        10,
        null,
        null,
        null,
        null,
        null,
        1,
        8,
        null,
        6,
        6,
        null,
        null,
        null,
        null,
        null,
        1,
        2,
        null,
        null,
        1,
        null,
        1,
        8,
        null,
        null,
        1,
        16,
        null,
        null,
        null
      ],
      "/Users/leekarho/Projects/bank-tech-test/spec/features/can_credit_and_debit_acc_spec.rb": [
        1,
        null,
        1,
        null,
        5,
        null,
        1,
        1,
        1,
        1,
        null,
        null,
        1,
        1,
        1,
        1,
        1,
        1,
        null,
        null,
        1,
        1,
        1,
        2,
        null,
        null,
        1,
        1,
        1,
        2,
        null,
        null,
        null,
        null
      ],
      "/Users/leekarho/Projects/bank-tech-test/spec/statement_spec.rb": [
        1,
        null,
        1,
        1,
        1,
        1,
        1,
        null,
        null
      ],
      "/Users/leekarho/Projects/bank-tech-test/lib/statement.rb": [
        1,
        null,
        1,
        null,
        1,
        2,
        2,
        3,
        null,
        null,
        null,
        1,
        0,
        null,
        null,
        null
      ]
    },
    "timestamp": 1539100150
  }
}
